<?xml version="1.0" encoding="UTF-8"?>
<testsuite name="com.example.demo.DemoApplicationTests" tests="8" skipped="0" failures="0" errors="0" timestamp="2025-01-14T19:26:51" hostname="ITRP0685" time="5.598">
  <properties/>
  <testcase name="ValidationListTest()" classname="com.example.demo.DemoApplicationTests" time="5.531"/>
  <testcase name="ValidationListTest2()" classname="com.example.demo.DemoApplicationTests" time="0.006"/>
  <testcase name="ValidationListTest3()" classname="com.example.demo.DemoApplicationTests" time="0.004"/>
  <testcase name="ValidationListTest4()" classname="com.example.demo.DemoApplicationTests" time="0.005"/>
  <testcase name="ValidationListTest5()" classname="com.example.demo.DemoApplicationTests" time="0.003"/>
  <testcase name="ValidationListTest6()" classname="com.example.demo.DemoApplicationTests" time="0.009"/>
  <testcase name="contextLoads()" classname="com.example.demo.DemoApplicationTests" time="0.003"/>
  <testcase name="testSample()" classname="com.example.demo.DemoApplicationTests" time="0.008"/>
  <system-out><![CDATA[]]></system-out>
  <system-err><![CDATA[]]></system-err>
</testsuite>
